[debug] [2022-07-01T02:19:17.098Z] ----------------------------------------------------------------------
[debug] [2022-07-01T02:19:17.100Z] Command:       C:\Program Files\nodejs\node.exe C:\Users\Harsimran\AppData\Roaming\npm\node_modules\firebase-tools\lib\bin\firebase.js init
[debug] [2022-07-01T02:19:17.100Z] CLI Version:   11.1.0
[debug] [2022-07-01T02:19:17.100Z] Platform:      win32
[debug] [2022-07-01T02:19:17.100Z] Node Version:  v16.14.0
[debug] [2022-07-01T02:19:17.104Z] Time:          Fri Jul 01 2022 07:49:17 GMT+0530 (India Standard Time)
[debug] [2022-07-01T02:19:17.104Z] ----------------------------------------------------------------------
[debug] 
[debug] [2022-07-01T02:19:17.165Z] > command requires scopes: ["email","openid","https://www.googleapis.com/auth/cloudplatformprojects.readonly","https://www.googleapis.com/auth/firebase","https://www.googleapis.com/auth/cloud-platform"]
[debug] [2022-07-01T02:19:17.165Z] > authorizing via signed-in user (harsimran1869@gmail.com)
[info] 
     ######## #### ########  ######## ########     ###     ######  ########
     ##        ##  ##     ## ##       ##     ##  ##   ##  ##       ##
     ######    ##  ########  ######   ########  #########  ######  ######
     ##        ##  ##    ##  ##       ##     ## ##     ##       ## ##
     ##       #### ##     ## ######## ########  ##     ##  ######  ########

You're about to initialize a Firebase project in this directory:

  E:\New folder (2)\public (2)

Before we get started, keep in mind:

  * You are initializing within an existing Firebase project directory

[info] 
=== Project Setup
[info] 
[info] First, let's associate this project directory with a Firebase project.
[info] You can create multiple project aliases by running firebase use --add, 
[info] but for now we'll just set up a default project.
[info] 
[debug] [2022-07-01T02:19:22.846Z] Using project from CLI flag: code-pen-clone-d257f
[debug] [2022-07-01T02:19:22.847Z] > refreshing access token with scopes: []
[debug] [2022-07-01T02:19:22.849Z] >>> [apiv2][query] POST https://www.googleapis.com/oauth2/v3/token [none]
[debug] [2022-07-01T02:19:22.849Z] >>> [apiv2][body] POST https://www.googleapis.com/oauth2/v3/token [omitted]
[debug] [2022-07-01T02:19:23.105Z] <<< [apiv2][status] POST https://www.googleapis.com/oauth2/v3/token 200
[debug] [2022-07-01T02:19:23.105Z] <<< [apiv2][body] POST https://www.googleapis.com/oauth2/v3/token [omitted]
[debug] [2022-07-01T02:19:23.111Z] >>> [apiv2][query] GET https://firebase.googleapis.com/v1beta1/projects/code-pen-clone-d257f [none]
[debug] [2022-07-01T02:19:23.704Z] <<< [apiv2][status] GET https://firebase.googleapis.com/v1beta1/projects/code-pen-clone-d257f 403
[debug] [2022-07-01T02:19:23.704Z] <<< [apiv2][body] GET https://firebase.googleapis.com/v1beta1/projects/code-pen-clone-d257f {"error":{"code":403,"message":"The caller does not have permission","status":"PERMISSION_DENIED"}}
[debug] [2022-07-01T02:19:23.704Z] HTTP Error: 403, The caller does not have permission
[debug] [2022-07-01T02:19:23.915Z] FirebaseError: HTTP Error: 403, The caller does not have permission
    at responseToError (C:\Users\Harsimran\AppData\Roaming\npm\node_modules\firebase-tools\lib\responseToError.js:49:12)
    at RetryOperation._fn (C:\Users\Harsimran\AppData\Roaming\npm\node_modules\firebase-tools\lib\apiv2.js:287:77)
    at processTicksAndRejections (node:internal/process/task_queues:96:5)
[error] 
[error] Error: Failed to get Firebase project code-pen-clone-d257f. Please make sure the project exists and your account has permission to access it.
